14-mai 20:00:16 BKUP-I-04384 ------------------------------------------------------------
14-mai 20:00:16 BKUP-I-04314 Version de l’Agent 7.32.5669 May  4 2014 22:12:32
14-mai 20:00:16 BKUP-I-04127 tâche démarrée à 14/mai/2014 20:00:16 +0200
14-mai 20:00:16 BKUP-I-04126 nom de tâche /Task1/
14-mai 20:00:29 VSPH-W-07393 Message inconnu : ID = 9906
14-mai 20:00:29 SSET-I-04130 se connecter au vault à vault.local.com
14-mai 20:00:29 SSET-I-04749 La connexion au vault n’utilise aucun cryptage.
14-mai 20:00:29 SSET-I-04755 connexion comme AccUsr/AccUsr
14-mai 20:00:29 RSYN-I-07721 Le vault à vault.local.com prend en charge la réplication de vault logique.
14-mai 20:00:33 RSYN-I-08870 Le vault à vault.local.com a accepté l’opération.
14-mai 20:00:33 RSYN-I-07712 Autre vault introuvable
14-mai 20:00:33 UTIL-I-05210 Informations sur l’ordinateur : dn=vra-1, hn=vra-1, ip=192.168.99.140, vid=1d4686e2-f564-49d9-b3cf-31e6b22855f1, cid=c8e3b7bd-3ef0-429f-8563-94ca3484d28e
14-mai 20:00:34 UTIL-I-05211 Informations sur la tâche : tn=Task1, vid=1d4686e2-f564-49d9-b3cf-31e6b22855f1, cid=c8e3b7bd-3ef0-429f-8563-94ca3484d28e, tid=ef4072ce-c925-4c78-b78a-09653eccad93
14-mai 20:00:34 UTIL-I-05212 Informations sur la tâche d’origine : tn=Task1, cid=c8e3b7bd-3ef0-429f-8563-94ca3484d28e
14-mai 20:00:34 RSYN-I-04181 mise à jour de l’entrée de synchronisation 00000001
14-mai 20:00:34 RSYN-I-04181 mise à jour de l’entrée de synchronisation 00000002
14-mai 20:00:34 RSYN-I-04181 mise à jour de l’entrée de synchronisation 00000003
14-mai 20:00:34 RSYN-I-04181 mise à jour de l’entrée de synchronisation 00000004
14-mai 20:00:34 RSYN-I-04181 mise à jour de l’entrée de synchronisation 00000005
14-mai 20:00:34 RSYN-I-04181 mise à jour de l’entrée de synchronisation 00000006
14-mai 20:00:34 RSYN-I-04181 mise à jour de l’entrée de synchronisation 00000007
14-mai 20:00:34 RSYN-I-04181 mise à jour de l’entrée de synchronisation 00000008
14-mai 20:00:34 RSYN-I-07726 Le vault cible de cette session de sauvegarde est vault.local.com
14-mai 20:00:34 RSYN-I-04180 suppression de /opt/BUAgent/Task1/00000007.DTA
14-mai 20:00:34 RSYN-I-04180 suppression de /opt/BUAgent/Task1/00000007.DTX
14-mai 20:00:42 BKUP-I-04315 Version du vault 7.02
14-mai 20:00:42 BKUP-I-08464 La longueur maximale de chemin prise en charge est 31 999 caractères
14-mai 20:00:42 BKUP-I-08212 Le vault cible prend en charge le renouvellement du fichier delta
14-mai 20:00:42 SSET-I-04132 le nombre de catalogues de synchronisation est 9
14-mai 20:00:43 BKUP-I-04698 Encodage de sauvegarde : UTF8
14-mai 20:00:44 VSPH-I-09079 Sauvegarde de l’environnement vSphere (avec vCenter vCENTER.local.com version 5.0.0).
14-mai 20:00:44 VSPH-I-09112 Nombre d’ordinateurs virtuels sélectionnés pour la sauvegarde : 1
14-mai 20:01:38 PLGN-I-09811 Le suivi des modifications de bloc de machine virtuelle a été activé sur location1.
14-mai 20:25:38 VSPH-I-08594 Capture location1 créée.
14-mai 20:27:40 VSPH-I-07393 Message inconnu : ID = 9890 Paramètre0 = $VSPHERE$/5015508e-95e6-37db-d38d-051f11cccc9b/location2_3-flat.vmdk
14-mai 20:28:02 VSPH-I-07393 Message inconnu : ID = 9885 Paramètre0 = 374069624 Paramètre1 = 1214 Paramètre2 = 191523647488 Paramètre3 = $VSPHERE$/5015508e-95e6-37db-d38d-051f11cccc9b/location2_3-flat.vmdk
14-mai 20:29:35 VSPH-I-09819 CBT signale :  15 227 944 960 octet(s) modifié(s) dans 15 857 plage(s), sur $VSPHERE$/5015508e-95e6-37db-d38d-051f11cccc9b/location2_3-flat.vmdk
14-mai 20:29:35 VSPH-I-09814 Le suivi des modifications de bloc de disque de machine virtuelle a été activé sur $VSPHERE$/5015508e-95e6-37db-d38d-051f11cccc9b/location2_3-flat.vmdk.
14-mai 20:29:35 VSPH-I-09157 Utilisation du Suivi des modifications de bloc pour $VSPHERE$/5015508e-95e6-37db-d38d-051f11cccc9b/location2_3-flat.vmdk
14-mai 20:29:35 VSPH-I-07393 Message inconnu : ID = 9891 Paramètre0 = $VSPHERE$/5015508e-95e6-37db-d38d-051f11cccc9b/location2_3-flat.vmdk
15-mai 00:06:15 VSPH-I-07393 Message inconnu : ID = 9890 Paramètre0 = $VSPHERE$/5015508e-95e6-37db-d38d-051f11cccc9b/location2_1-flat.vmdk
15-mai 00:06:23 VSPH-I-07393 Message inconnu : ID = 9885 Paramètre0 = 16777216 Paramètre1 = 1 Paramètre2 = 8589934592 Paramètre3 = $VSPHERE$/5015508e-95e6-37db-d38d-051f11cccc9b/location2_1-flat.vmdk
15-mai 00:08:39 VSPH-I-09819 CBT signale :  83 755 008 octet(s) modifié(s) dans 55 plage(s), sur $VSPHERE$/5015508e-95e6-37db-d38d-051f11cccc9b/location2_1-flat.vmdk
15-mai 00:08:39 VSPH-I-09814 Le suivi des modifications de bloc de disque de machine virtuelle a été activé sur $VSPHERE$/5015508e-95e6-37db-d38d-051f11cccc9b/location2_1-flat.vmdk.
15-mai 00:08:39 VSPH-I-09157 Utilisation du Suivi des modifications de bloc pour $VSPHERE$/5015508e-95e6-37db-d38d-051f11cccc9b/location2_1-flat.vmdk
15-mai 00:08:39 VSPH-I-07393 Message inconnu : ID = 9891 Paramètre0 = $VSPHERE$/5015508e-95e6-37db-d38d-051f11cccc9b/location2_1-flat.vmdk
15-mai 00:10:04 VSPH-I-07393 Message inconnu : ID = 9890 Paramètre0 = $VSPHERE$/5015508e-95e6-37db-d38d-051f11cccc9b/location2-flat.vmdk
15-mai 00:10:13 VSPH-I-07393 Message inconnu : ID = 9885 Paramètre0 = 16019092 Paramètre1 = 10352 Paramètre2 = 8201775104 Paramètre3 = $VSPHERE$/5015508e-95e6-37db-d38d-051f11cccc9b/location2-flat.vmdk
15-mai 00:10:16 VSPH-I-09819 CBT signale :  752 353 280 octet(s) modifié(s) dans 884 plage(s), sur $VSPHERE$/5015508e-95e6-37db-d38d-051f11cccc9b/location2-flat.vmdk
15-mai 00:10:16 VSPH-I-09814 Le suivi des modifications de bloc de disque de machine virtuelle a été activé sur $VSPHERE$/5015508e-95e6-37db-d38d-051f11cccc9b/location2-flat.vmdk.
15-mai 00:10:16 VSPH-I-09157 Utilisation du Suivi des modifications de bloc pour $VSPHERE$/5015508e-95e6-37db-d38d-051f11cccc9b/location2-flat.vmdk
15-mai 00:10:16 VSPH-I-07393 Message inconnu : ID = 9891 Paramètre0 = $VSPHERE$/5015508e-95e6-37db-d38d-051f11cccc9b/location2-flat.vmdk
15-mai 00:15:07 VSPH-I-07393 Message inconnu : ID = 9890 Paramètre0 = $VSPHERE$/5015508e-95e6-37db-d38d-051f11cccc9b/location2_6-flat.vmdk
15-mai 00:15:35 VSPH-I-07393 Message inconnu : ID = 9885 Paramètre0 = 89233704 Paramètre1 = 751 Paramètre2 = 45687656448 Paramètre3 = $VSPHERE$/5015508e-95e6-37db-d38d-051f11cccc9b/location2_6-flat.vmdk
15-mai 00:16:17 VSPH-I-09819 CBT signale :  0 octet(s) modifié(s) dans 0 plage(s), sur $VSPHERE$/5015508e-95e6-37db-d38d-051f11cccc9b/location2_6-flat.vmdk
15-mai 00:16:17 VSPH-I-09814 Le suivi des modifications de bloc de disque de machine virtuelle a été activé sur $VSPHERE$/5015508e-95e6-37db-d38d-051f11cccc9b/location2_6-flat.vmdk.
15-mai 00:16:17 VSPH-I-09157 Utilisation du Suivi des modifications de bloc pour $VSPHERE$/5015508e-95e6-37db-d38d-051f11cccc9b/location2_6-flat.vmdk
15-mai 00:16:17 VSPH-I-07393 Message inconnu : ID = 9891 Paramètre0 = $VSPHERE$/5015508e-95e6-37db-d38d-051f11cccc9b/location2_6-flat.vmdk
15-mai 00:22:58 VSPH-I-07393 Message inconnu : ID = 9890 Paramètre0 = $VSPHERE$/5015508e-95e6-37db-d38d-051f11cccc9b/location2_2-flat.vmdk
15-mai 00:23:08 VSPH-I-07393 Message inconnu : ID = 9885 Paramètre0 = 15580040 Paramètre1 = 57686 Paramètre2 = 7976980480 Paramètre3 = $VSPHERE$/5015508e-95e6-37db-d38d-051f11cccc9b/location2_2-flat.vmdk
15-mai 00:23:26 VSPH-I-09819 CBT signale :  1 186 922 496 octet(s) modifié(s) dans 4 256 plage(s), sur $VSPHERE$/5015508e-95e6-37db-d38d-051f11cccc9b/location2_2-flat.vmdk
15-mai 00:23:26 VSPH-I-09814 Le suivi des modifications de bloc de disque de machine virtuelle a été activé sur $VSPHERE$/5015508e-95e6-37db-d38d-051f11cccc9b/location2_2-flat.vmdk.
15-mai 00:23:26 VSPH-I-09157 Utilisation du Suivi des modifications de bloc pour $VSPHERE$/5015508e-95e6-37db-d38d-051f11cccc9b/location2_2-flat.vmdk
15-mai 00:23:26 VSPH-I-07393 Message inconnu : ID = 9891 Paramètre0 = $VSPHERE$/5015508e-95e6-37db-d38d-051f11cccc9b/location2_2-flat.vmdk
15-mai 00:29:12 VSPH-I-07393 Message inconnu : ID = 9890 Paramètre0 = $VSPHERE$/5015508e-95e6-37db-d38d-051f11cccc9b/location2_4-flat.vmdk
15-mai 00:29:19 VSPH-I-07393 Message inconnu : ID = 9885 Paramètre0 = 1046672 Paramètre1 = 85 Paramètre2 = 535896064 Paramètre3 = $VSPHERE$/5015508e-95e6-37db-d38d-051f11cccc9b/location2_4-flat.vmdk
15-mai 00:29:34 VSPH-I-09819 CBT signale :  136 380 416 octet(s) modifié(s) dans 19 plage(s), sur $VSPHERE$/5015508e-95e6-37db-d38d-051f11cccc9b/location2_4-flat.vmdk
15-mai 00:29:34 VSPH-I-09814 Le suivi des modifications de bloc de disque de machine virtuelle a été activé sur $VSPHERE$/5015508e-95e6-37db-d38d-051f11cccc9b/location2_4-flat.vmdk.
15-mai 00:29:34 VSPH-I-09157 Utilisation du Suivi des modifications de bloc pour $VSPHERE$/5015508e-95e6-37db-d38d-051f11cccc9b/location2_4-flat.vmdk
15-mai 00:29:34 VSPH-I-07393 Message inconnu : ID = 9891 Paramètre0 = $VSPHERE$/5015508e-95e6-37db-d38d-051f11cccc9b/location2_4-flat.vmdk
15-mai 00:30:18 VSPH-I-07393 Message inconnu : ID = 9890 Paramètre0 = $VSPHERE$/5015508e-95e6-37db-d38d-051f11cccc9b/location2_5-flat.vmdk
15-mai 00:30:35 VSPH-I-07393 Message inconnu : ID = 9885 Paramètre0 = 32879872 Paramètre1 = 489 Paramètre2 = 16834494464 Paramètre3 = $VSPHERE$/5015508e-95e6-37db-d38d-051f11cccc9b/location2_5-flat.vmdk
15-mai 00:31:02 VSPH-I-09819 CBT signale :  2 957 312 000 octet(s) modifié(s) dans 1 461 plage(s), sur $VSPHERE$/5015508e-95e6-37db-d38d-051f11cccc9b/location2_5-flat.vmdk
15-mai 00:31:02 VSPH-I-09814 Le suivi des modifications de bloc de disque de machine virtuelle a été activé sur $VSPHERE$/5015508e-95e6-37db-d38d-051f11cccc9b/location2_5-flat.vmdk.
15-mai 00:31:02 VSPH-I-09157 Utilisation du Suivi des modifications de bloc pour $VSPHERE$/5015508e-95e6-37db-d38d-051f11cccc9b/location2_5-flat.vmdk
15-mai 00:31:02 VSPH-I-07393 Message inconnu : ID = 9891 Paramètre0 = $VSPHERE$/5015508e-95e6-37db-d38d-051f11cccc9b/location2_5-flat.vmdk
15-mai 01:02:18 VSPH-I-08597 Capture location1 supprimée.
15-mai 01:02:18 CTLG-I-05728 catalogue créé
15-mai 01:02:20 VSPH-I-09519 Le disque virtuel [VNX-5TO] location2/location2.vmdk signale 7.74 GB "in-guest" utilisés sur sa taille de 16.00 GB et sa capacité de 16.00 GB.
15-mai 01:02:20 VSPH-I-09519 Le disque virtuel [VNX-5TO] location2/location2_1.vmdk signale 8.00 GB "in-guest" utilisés sur sa taille de 8.00 GB et sa capacité de 8.00 GB.
15-mai 01:02:20 VSPH-I-09519 Le disque virtuel [VNX-5TO] location2/location2_2.vmdk signale 8.46 GB "in-guest" utilisés sur sa taille de 20.00 GB et sa capacité de 20.00 GB.
15-mai 01:02:20 VSPH-I-09519 Le disque virtuel [VNX-5TO] location2/location2_3.vmdk signale 178.42 GB "in-guest" utilisés sur sa taille de 300.00 GB et sa capacité de 300.00 GB.
15-mai 01:02:20 VSPH-I-09519 Le disque virtuel [VNX-5TO] location2/location2_4.vmdk signale 515.56 MB "in-guest" utilisés sur sa taille de 10.00 GB et sa capacité de 10.00 GB.
15-mai 01:02:20 VSPH-I-09519 Le disque virtuel [VNX-5TO] location2/location2_5.vmdk signale 15.70 GB "in-guest" utilisés sur sa taille de 50.00 GB et sa capacité de 50.00 GB.
15-mai 01:02:20 VSPH-I-09519 Le disque virtuel [VNX-5TO] location2/location2_6.vmdk signale 42.58 GB "in-guest" utilisés sur sa taille de 100.00 GB et sa capacité de 100.00 GB.
15-mai 01:02:20 VSPH-I-09093 Résumé de la sauvegarde vSphere :
15-mai 01:02:20 VSPH-I-09089 OK                     vCENTER.local.com
15-mai 01:02:20 VSPH-I-09479                        Cluster : Cluster-local avec 2 hôte(s)
15-mai 01:02:20 VSPH-I-09083 OK                            location1
15-mai 01:02:20 SSET-I-04133 le nombre de catalogues validés est 9
15-mai 01:02:21 SSET-I-04131 se déconnecter du vault à 15/mai/2014 01:02:26 +0200
15-mai 01:02:21 BKUP-I-00001 erreurs rencontrées :                         0
15-mai 01:02:21 BKUP-I-00002 avertissements rencontrés :                   1
15-mai 01:02:21 BKUP-I-00003 fichiers/répertoires examinés :               16
15-mai 01:02:21 BKUP-I-00004 fichiers/répertoires filtrés :                0
15-mai 01:02:21 BKUP-I-00006 fichiers/répertoires ajournés :               0
15-mai 01:02:21 BKUP-I-00007 fichiers/répertoires sauvegardés :            16
15-mai 01:02:21 BKUP-I-00008 fichiers sauvegardés :                        16
15-mai 01:02:21 BKUP-I-00009 répertoires sauvegardés :                     0
15-mai 01:02:21 BKUP-I-00010 octets de flux de données traités :           541 165 891 724 (504 Go)
15-mai 01:02:21 BKUP-I-00011 tous les octets du flux traités :             280 680 804 492 (261,40 Go)
15-mai 01:02:21 BKUP-I-00012 octets prédelta traités :                     541 165 891 724 (504 Go)
15-mai 01:02:21 BKUP-I-00013 octets delta uniquement traités :             11 061 861 888 (10,30 Go)
15-mai 01:02:21 BKUP-I-00014 octets compressés traités :                   3 093 351 312 (2,88 Go)
15-mai 01:02:21 BKUP-I-00015 octets approximatifs ajournés :               0 (0 octets)
15-mai 01:02:21 BKUP-I-00016 échec des reconnexions sur recv :             0
15-mai 01:02:21 BKUP-I-00017 échec des reconnexions à l’envoi :            0
15-mai 01:02:21 BKUP-I-04128 tâche achevée à 15/mai/2014 01:02:21 +0200
15-mai 01:02:21 BKUP-I-04129 temps écoulé 05:02:05
