Oct25 21:00:11.701 [10676] VVLT-I-0177 Copyright 2012 EVault Inc.
Oct25 21:00:11.701 [10676] VVLT-I-0219 EVault Software Director Version 7.01.6124 (64-bit) Sep 20 2012 09:45:51
Oct25 21:00:11.701 [10676] VVLT-I-0001 Vault: VAULT1
Oct25 21:00:11.701 [10676] VVLT-I-0001 Process: 18604, thread = 10676
Oct25 21:00:11.701 [10676] VVLT-I-0001 Starting to cleanup server session
Oct25 21:00:11.701 [10676] VVLT-I-0001 Server session cleanup completed
Oct25 21:00:11.701 [10676] VVLT-I-0001 Created session: 0x000000001F700560(0x0000000001311CC0). RPC Ver. 6000
Oct25 21:00:11.701 [10676] VVLT-I-0001 Server settings:   Max Send timeout=300 sec, Tuning=On, SenderUsesCR=Yes, RetryDelay=1000 ms, RetryAttempts=20
Oct25 21:00:11.701 [10676] VVLT-I-0001 Current transport buffer sizes:   send=8192, recv=8192
Oct25 21:00:11.716 [10676] VVLT-I-0283 Agent node name is <NETAPP1>
Oct25 21:00:11.716 [10676] VVLT-I-0284 Agent IP address is <172.16.179.81>
Oct25 21:00:11.716 [10676] VVLT-I-0354 Agent version is <7.21.2205>
Oct25 21:00:11.716 [10676] VVLT-I-0000 Connection Encryption Information: AES
Oct25 21:00:11.716 [10676] VVLT-I-0001 Account: <AccUsr>
Oct25 21:00:11.716 [10676] VVLT-I-0001 User   : <AccUsr>
Oct25 21:00:11.716 [10676] VVLT-I-0000 Agent override for client reconnection settings: attempts = 60, timeout delay = 180000 ms
Oct25 21:00:11.732 [10676] VVLT-I-0001 Get LVR Backup Status
Oct25 21:00:11.779 [10676] VVLT-I-0001 Backup is allowed for this customer
Oct25 21:00:11.779 [10676] VVLT-I-0001 Get Alternate Vault List
Oct25 21:00:11.825 [10676] VVLT-I-0001 Computer information:
Oct25 21:00:11.825 [10676] VVLT-I-0001     dn = 
Oct25 21:00:11.825 [10676] VVLT-I-0001     hn = NETAPP1
Oct25 21:00:11.825 [10676] VVLT-I-0001     ip = 172.16.179.81
Oct25 21:00:11.825 [10676] VVLT-I-0001     vid= 0296bd61-eaff-48c1-a66e-364b12a6771a  (681095221)
Oct25 21:00:11.825 [10676] VVLT-I-0001     cid= 58c6b9b2-039e-414c-93a9-91bdfd629210  (689)
Oct25 21:00:11.825 [10676] VVLT-I-0001 Task information:
Oct25 21:00:11.825 [10676] VVLT-I-0001     tn = Filer1
Oct25 21:00:11.825 [10676] VVLT-I-0001     vid= 0296bd61-eaff-48c1-a66e-364b12a6771a  (681095221)
Oct25 21:00:11.825 [10676] VVLT-I-0001     cid= 58c6b9b2-039e-414c-93a9-91bdfd629210  (689)
Oct25 21:00:11.825 [10676] VVLT-I-0001     tid= 95c085fc-2f80-4163-aa10-72e46c6bf10a  (362)
Oct25 21:00:11.825 [10676] VVLT-I-0001 Validating user(1) access to task(362).
Oct25 21:00:11.857 [10676] VVLT-S-0155 list request succeeded to 172.16.126.41"AccUsr AccUsr Filer1"::
Oct25 21:00:11.966 [10676] VVLT-I-0001 Claim license
Oct25 21:00:11.981 [10676] VVLT-I-0001 
Oct25 21:00:11.981 [10676] VVLT-I-0001 agent license request: Server Agent
Oct25 21:00:12.059 [10676] VVLT-I-0001 Checking agent quotas...
Oct25 21:00:12.059 [10676] VVLT-I-0001 serverAgentQuota=64 desktopAgentQuota=0 serverAgentUsage=38 desktopAgentUsage=0
Oct25 21:00:12.091 [10676] VVLT-I-0001 Checking agent-feature quotas...
Oct25 21:00:12.091 [10676] VVLT-I-0001 
Oct25 21:00:12.091 [10676] VVLT-I-0001 
Oct25 21:00:12.091 [10676] VVLT-I-0001 claiming a 'Server Agent' license
Oct25 21:00:12.106 [10676] VVLT-I-0001 
Oct25 21:00:12.106 [10676] VVLT-I-0001 found previously claimed license for 'Server Agent' (58c6b9b2-039e-414c-93a9-91bdfd629210).
Oct25 21:00:12.106 [10676] VVLT-I-0001 
Oct25 21:00:12.449 [10676] POOL-I-0001 Synchronizing main and pool sync lists...
Oct25 21:00:12.481 [10676] POOL-I-0001 Pool {UPGV5_E82C89B8-BA29-4457-9332-7CB1638311B7} Sync information is coherent.
Oct25 21:00:12.496 [10676] VVLT-I-0036 synching catalog number is 81
Oct25 21:00:12.496 [10676] VVLT-S-0149 synch request succeeded to Filer1
Oct25 21:00:12.715 [10676] POOL-I-0001 Setting interrupt request for task 'Filer1'
Oct25 21:00:13.292 [10676] VVLT-I-0001 Using pool UPGV5_E82C89B8-BA29-4457-9332-7CB1638311B7 (50) ...
Oct25 21:00:13.292 [20976] VVLT-I-0001 Performing previous backup file verification ...
Oct25 21:00:13.573 [10676] VVLT-S-0153 open request succeeded to SG01 for safeset 00000081
Oct26 11:09:26.463 [23364] VVLT-I-0001 
Oct26 11:09:26.478 [23364] VVLT-I-0001 PhysicalSize    PhysicalFree    Available       RO/RW   PolicyName           Quota                            Information                       Location
Oct26 11:09:26.478 [23364] VVLT-I-0001  29807.1GB         297.6GB          0.0GB        RW     DATA            Max Disk Space Usage = 99%     No space available for vault usage      D:\Vault681095221\
Oct26 11:09:26.478 [23364] VVLT-I-0001  16766.5GB         166.4GB          0.0GB        RW     DATA            Max Disk Space Usage = 99%     No space available for vault usage      F:\Vault681095221\
Oct26 11:09:26.478 [23364] VVLT-I-0001 
Oct26 11:09:26.478 [23364] VVLT-E-0003 Vault is out of storage
Oct26 11:09:26.478 [10676] VVLT-I-0001 Write was cancelled.
Oct26 11:09:26.478 [10676] VVLT-F-0004 error writing into the pool system, aborting...
Oct26 11:09:26.478 [10676] VVLT-I-0000 stopping all working threads ...
Oct26 11:09:26.478 [10676] VVLT-I-0000 Wait for backup thread ...
Oct26 11:09:26.478 [10676] VVLT-W-0002 Parser thread is still running, waiting up to 120 seconds (5 used buffers).
Oct26 11:09:26.478 [10676] VVLT-I-0001 Submitting task cleanup job to regular queue for 'Filer1 (95c085fc-2f80-4163-aa10-72e46c6bf10a, #362) '
Oct26 11:09:26.525 [10676] VVLT-S-0171 submit request succeeded
Oct26 11:09:26.619 [10676] POOL-I-0001 Clearing interrupt request for task 'Filer1'
Oct26 11:09:26.681 [10676] VVLT-I-0000 Writing failed backup activity information...
Oct26 11:09:26.697 [10676] VVLT-I-0001 
Oct26 11:09:26.697 [10676] VVLT-I-0001 PhysicalSize    PhysicalFree    Available       RO/RW   PolicyName           Quota                            Information                       Location
Oct26 11:09:26.697 [10676] VVLT-I-0001  29807.1GB         297.6GB          0.0GB        RW     DATA            Max Disk Space Usage = 99%     No space available for vault usage      D:\Vault681095221\
Oct26 11:09:26.697 [10676] VVLT-I-0001  16766.5GB         166.4GB          0.0GB        RW     DATA            Max Disk Space Usage = 99%     No space available for vault usage      F:\Vault681095221\
Oct26 11:09:26.697 [10676] VVLT-I-0001 
Oct26 11:09:26.697 [10676] VVLT-W-0002 Failed to move the log file to task folder: Vault is out of storage
Oct26 11:09:26.697 [10676] VVLT-I-0001 
Oct26 11:09:26.697 [10676] VVLT-I-0001 Total processing warnings: 2
Oct26 11:09:26.697 [10676] VVLT-I-0001 Total processing errors  : 1
Oct26 11:09:26.697 [10676] VVLT-I-0001 Total processing failures: 1
Oct26 11:09:26.697 [10676] VVLT-I-0001 
Oct26 11:09:26.697 [10676] VVLT-I-0001 Thread Completed with Errors
Oct26 11:09:26.697 [10676] VVLT-I-0001 
Oct26 11:09:26.697 [10676] VVLT-I-0033 elapsed time 14:09:15
