20-Dec 02:07:00 BKUP-I-04384 ------------------------------------------------------------
20-Dec 02:07:01 BKUP-I-04314 Agent Version 7.10.1164 Nov 21 2012 12:59:36
20-Dec 02:07:01 BKUP-I-04127 job started at 20-Dec-2014 02:06:59 +0000
20-Dec 02:07:01 BKUP-I-04126 job name /Job-1/
20-Dec 02:08:52 SSET-I-04130 connect to the Vault at 10.3.1.182
20-Dec 02:08:52 SSET-I-04748 Connection to the Vault is using AES encryption
20-Dec 02:08:53 SSET-I-04755 login as AccUsr/AccUsr
20-Dec 02:08:53 RSYN-I-07721 The Vault at 10.3.1.182 supports Logical Vault Replication.
20-Dec 02:08:53 RSYN-I-08870 The Vault at 10.3.1.182 has accepted the operation.
20-Dec 02:08:53 RSYN-I-07711 Alternate Vault found at vault2.vault.com
20-Dec 02:08:53 UTIL-I-05210 Computer information: dn=VAULT1, hn=VAULT1, ip=10.3.1.115, vid=4948adfd-5744-487b-bbec-0aed9732e9f9, cid=7788325a-3272-4c4b-969e-0e033d521b8e
20-Dec 02:08:53 UTIL-I-05211 Job information: tn=Job-1, vid=4948adfd-5744-487b-bbec-0aed9732e9f9, cid=7788325a-3272-4c4b-969e-0e033d521b8e, tid=13abc8de-eee9-43c8-84d6-eb81ee2b6870
20-Dec 02:08:53 UTIL-I-05212 Original job information: tn=Job-1, cid=7788325a-3272-4c4b-969e-0e033d521b8e
20-Dec 02:08:53 RSYN-I-04730 deleting synch entry 00000241
20-Dec 02:08:53 RSYN-I-04181 updating synch entry 00000133
20-Dec 02:08:53 RSYN-I-04181 updating synch entry 00000153
20-Dec 02:08:53 RSYN-I-04181 updating synch entry 00000177
20-Dec 02:08:53 RSYN-I-04181 updating synch entry 00000197
20-Dec 02:08:53 RSYN-I-04181 updating synch entry 00000206
20-Dec 02:08:53 RSYN-I-04181 updating synch entry 00000208
20-Dec 02:08:53 RSYN-I-04181 updating synch entry 00000209
20-Dec 02:08:53 RSYN-I-04181 updating synch entry 00000210
20-Dec 02:08:53 RSYN-I-04181 updating synch entry 00000211
20-Dec 02:08:53 RSYN-I-04181 updating synch entry 00000213
20-Dec 02:08:53 RSYN-I-04181 updating synch entry 00000214
20-Dec 02:08:53 RSYN-I-04181 updating synch entry 00000215
20-Dec 02:08:53 RSYN-I-04181 updating synch entry 00000219
20-Dec 02:08:53 RSYN-I-04181 updating synch entry 00000224
20-Dec 02:08:53 RSYN-I-04181 updating synch entry 00000228
20-Dec 02:08:53 RSYN-I-04181 updating synch entry 00000231
20-Dec 02:08:53 RSYN-I-04181 updating synch entry 00000235
20-Dec 02:08:53 RSYN-I-04181 updating synch entry 00000239
20-Dec 02:08:53 RSYN-I-04181 updating synch entry 00000242
20-Dec 02:08:53 RSYN-I-04181 updating synch entry 00000243
20-Dec 02:08:53 RSYN-I-04181 updating synch entry 00000244
20-Dec 02:08:53 RSYN-I-04181 updating synch entry 00000245
20-Dec 02:08:53 RSYN-I-04181 updating synch entry 00000246
20-Dec 02:08:53 RSYN-I-04181 updating synch entry 00000247
20-Dec 02:08:53 RSYN-I-04181 updating synch entry 00000248
20-Dec 02:08:53 SSET-I-04131 disconnect from the Vault at 20-Dec-2014 02:08:51 +0000
20-Dec 02:08:53 SSET-I-04130 connect to the Vault at vault2.vault.com
20-Dec 02:08:55 SSET-I-04748 Connection to the Vault is using AES encryption
20-Dec 02:08:55 SSET-I-04755 login as AccUsr/AccUsr
20-Dec 02:08:55 RSYN-I-07721 The Vault at vault2.vault.com supports Logical Vault Replication.
20-Dec 02:08:59 RSYN-I-08869 The Vault at vault2.vault.com has delegated the operation.
20-Dec 02:08:59 UTIL-I-05210 Computer information: dn=VAULT1, hn=VAULT1, ip=10.3.1.115, vid=a0ac9216-e7ea-438b-b827-65ef3db3ed0b, cid=7788325a-3272-4c4b-969e-0e033d521b8e
20-Dec 02:08:59 UTIL-I-05211 Job information: tn=Job-1, vid=4948adfd-5744-487b-bbec-0aed9732e9f9, cid=7788325a-3272-4c4b-969e-0e033d521b8e, tid=13abc8de-eee9-43c8-84d6-eb81ee2b6870
20-Dec 02:08:59 UTIL-I-05212 Original job information: tn=Job-1, cid=7788325a-3272-4c4b-969e-0e033d521b8e
20-Dec 02:08:59 SSET-I-04131 disconnect from the Vault at 20-Dec-2014 02:08:56 +0000
20-Dec 02:08:59 RSYN-I-07726 The target Vault for this session is 10.3.1.182
20-Dec 02:08:59 RSYN-I-04180 deleting /opt/BUAgent/Job-1/00000247.DTX
20-Dec 02:08:59 RSYN-I-04180 deleting /opt/BUAgent/Job-1/00000247.DTA
20-Dec 02:08:59 RSYN-I-04180 deleting /opt/BUAgent/Job-1/00000241.CAT
20-Dec 02:08:59 SSET-I-04130 connect to the Vault at 10.3.1.182
20-Dec 02:08:59 SSET-I-04748 Connection to the Vault is using AES encryption
20-Dec 02:08:59 SSET-I-04755 login as AccUsr/AccUsr
20-Dec 02:08:59 RSYN-I-07721 The Vault at 10.3.1.182 supports Logical Vault Replication.
20-Dec 02:08:59 RSYN-I-08870 The Vault at 10.3.1.182 has accepted the operation.
20-Dec 02:08:59 RSYN-I-07711 Alternate Vault found at vault2.vault.com
20-Dec 02:09:02 BKUP-I-04315 Vault Version 7.11
20-Dec 02:09:02 BKUP-I-08464 Maximum path length supported is 31,999 characters
20-Dec 02:09:02 BKUP-I-08212 Target vault supports delta recreation
20-Dec 02:09:02 SSET-I-04132 synching catalog number is 249
20-Dec 02:09:03 BKUP-I-04698 Backup Encoding: UTF8
20-Dec 02:09:03 VSPH-I-09079 Backing up vSphere environment (managed with vCenter vcenter.local.local version 4.1.0).
20-Dec 02:09:03 VSPH-I-09112 Number of VMs selected for backup: 1
20-Dec 02:10:39 VSPH-I-08594 Snapshot Job-1 created.
20-Dec 02:11:07 VSPH-I-09157 Using Changed Block Tracking for /export/.uuid/500f16d0-eabe-d80b-c079-723c5951f3d8/VM1-flat.vmdk
20-Dec 02:23:50 VSPH-I-08597 Snapshot Job-1 removed.
20-Dec 02:23:50 CTLG-I-05728 catalog created
20-Dec 02:23:50 VSPH-I-09459 Virtual disk [VMWare-DataStore15] VM1/VM1.vmdk has 60.00 GB used of its 60.00 GB capacity.
20-Dec 02:23:57 VSPH-I-09093 vSphere backup summary:
20-Dec 02:23:57 VSPH-I-09089 Ok                     vcenter.local.local
20-Dec 02:23:57 VSPH-I-09083 Ok                             Job-1
20-Dec 02:23:59 SSET-I-04133 committed catalog number is 249
20-Dec 02:23:59 SSET-I-04131 disconnect from the Vault at 20-Dec-2014 02:23:57 +0000
20-Dec 02:23:59 BKUP-I-00001 errors encountered:                        0
20-Dec 02:23:59 BKUP-I-00002 warnings encountered:                      0
20-Dec 02:23:59 BKUP-I-00003 files/directories examined:                2
20-Dec 02:23:59 BKUP-I-00004 files/directories filtered:                0
20-Dec 02:23:59 BKUP-I-00006 files/directories deferred:                0
20-Dec 02:23:59 BKUP-I-00007 files/directories backed-up:               2
20-Dec 02:23:59 BKUP-I-00008 files backed-up:                           2
20-Dec 02:23:59 BKUP-I-00009 directories backed-up:                     0
20-Dec 02:23:59 BKUP-I-00010 data stream bytes processed:               64,424,510,042 (60 GB)
20-Dec 02:23:59 BKUP-I-00011 all stream bytes processed:                64,424,510,042 (60 GB)
20-Dec 02:23:59 BKUP-I-00012 pre-delta bytes processed:                 64,424,510,042 (60 GB)
20-Dec 02:23:59 BKUP-I-00013 deltized bytes processed:                  4,658,430,554 (4.33 GB)
20-Dec 02:23:59 BKUP-I-00014 compressed bytes processed:                456,405,944 (435.26 MB)
20-Dec 02:23:59 BKUP-I-00015 approximate bytes deferred:                0 (0 bytes)
20-Dec 02:23:59 BKUP-I-00016 reconnections on recv fail:                0
20-Dec 02:23:59 BKUP-I-00017 reconnections on send fail:                0
20-Dec 02:23:59 BKUP-I-04128 job completed at 20-Dec-2014 02:23:59 +0000
20-Dec 02:23:59 BKUP-I-04129 elapsed time 00:17:00
